# JRE version: OpenJDK Runtime Environment (8.0_152) (build 1.8.0_152-release-1343-b16-5323222)
# Java VM: OpenJDK 64-Bit Server VM (25.152-b16-5323222 mixed mode linux-amd64 compressed oops)
Heap:
 PSYoungGen      total 225792K, used 23015K [0x00000000e0000000, 0x00000000ef580000, 0x0000000100000000)
  eden space 202752K, 0% used [0x00000000e0000000,0x00000000e0000000,0x00000000ec600000)
  from space 23040K, 99% used [0x00000000ec600000,0x00000000edc79f00,0x00000000edc80000)
  to   space 18432K, 0% used [0x00000000edc80000,0x00000000edc80000,0x00000000eee80000)
 ParOldGen       total 88576K, used 67456K [0x00000000a0000000, 0x00000000a5680000, 0x00000000e0000000)
  object space 88576K, 76% used [0x00000000a0000000,0x00000000a41e02f0,0x00000000a5680000)
 Metaspace       used 76870K, capacity 79145K, committed 79384K, reserved 1118208K
  class space    used 10197K, capacity 10686K, committed 10784K, reserved 1048576K
GC Heap History (10 events):
Event: 24.156 GC heap after
Heap after GC invocations=13 (full 2):
 PSYoungGen      total 145920K, used 11750K [0x00000000e0000000, 0x00000000ec780000, 0x0000000100000000)
  eden space 134144K, 0% used [0x00000000e0000000,0x00000000e0000000,0x00000000e8300000)
  from space 11776K, 99% used [0x00000000e8300000,0x00000000e8e798f8,0x00000000e8e80000)
  to   space 15360K, 0% used [0x00000000eb880000,0x00000000eb880000,0x00000000ec780000)
 ParOldGen       total 54272K, used 22493K [0x00000000a0000000, 0x00000000a3500000, 0x00000000e0000000)
  object space 54272K, 41% used [0x00000000a0000000,0x00000000a15f7440,0x00000000a3500000)
 Metaspace       used 47935K, capacity 48890K, committed 49192K, reserved 1091584K
  class space    used 6381K, capacity 6636K, committed 6704K, reserved 1048576K
}
Event: 27.072 GC heap before
{Heap before GC invocations=14 (full 2):
 PSYoungGen      total 145920K, used 125976K [0x00000000e0000000, 0x00000000ec780000, 0x0000000100000000)
  eden space 134144K, 85% used [0x00000000e0000000,0x00000000e6f8c7b0,0x00000000e8300000)
  from space 11776K, 99% used [0x00000000e8300000,0x00000000e8e798f8,0x00000000e8e80000)
  to   space 15360K, 0% used [0x00000000eb880000,0x00000000eb880000,0x00000000ec780000)
 ParOldGen       total 54272K, used 22493K [0x00000000a0000000, 0x00000000a3500000, 0x00000000e0000000)
  object space 54272K, 41% used [0x00000000a0000000,0x00000000a15f7440,0x00000000a3500000)
 Metaspace       used 57617K, capacity 58988K, committed 59160K, reserved 1099776K
  class space    used 7769K, capacity 8115K, committed 8224K, reserved 1048576K
Event: 27.116 GC heap after
Heap after GC invocations=14 (full 2):
 PSYoungGen      total 187904K, used 11498K [0x00000000e0000000, 0x00000000ecb80000, 0x0000000100000000)
  eden space 172544K, 0% used [0x00000000e0000000,0x00000000e0000000,0x00000000ea880000)
  from space 15360K, 74% used [0x00000000eb880000,0x00000000ec3ba948,0x00000000ec780000)
  to   space 16384K, 0% used [0x00000000ea880000,0x00000000ea880000,0x00000000eb880000)
 ParOldGen       total 54272K, used 31014K [0x00000000a0000000, 0x00000000a3500000, 0x00000000e0000000)
  object space 54272K, 57% used [0x00000000a0000000,0x00000000a1e49880,0x00000000a3500000)
 Metaspace       used 57617K, capacity 58988K, committed 59160K, reserved 1099776K
  class space    used 7769K, capacity 8115K, committed 8224K, reserved 1048576K
}
Event: 27.117 GC heap before
{Heap before GC invocations=15 (full 3):
 PSYoungGen      total 187904K, used 11498K [0x00000000e0000000, 0x00000000ecb80000, 0x0000000100000000)
  eden space 172544K, 0% used [0x00000000e0000000,0x00000000e0000000,0x00000000ea880000)
  from space 15360K, 74% used [0x00000000eb880000,0x00000000ec3ba948,0x00000000ec780000)
  to   space 16384K, 0% used [0x00000000ea880000,0x00000000ea880000,0x00000000eb880000)
 ParOldGen       total 54272K, used 31014K [0x00000000a0000000, 0x00000000a3500000, 0x00000000e0000000)
  object space 54272K, 57% used [0x00000000a0000000,0x00000000a1e49880,0x00000000a3500000)
 Metaspace       used 57617K, capacity 58988K, committed 59160K, reserved 1099776K
  class space    used 7769K, capacity 8115K, committed 8224K, reserved 1048576K
Event: 27.393 GC heap after
Heap after GC invocations=15 (full 3):
 PSYoungGen      total 187904K, used 0K [0x00000000e0000000, 0x00000000ecb80000, 0x0000000100000000)
  eden space 172544K, 0% used [0x00000000e0000000,0x00000000e0000000,0x00000000ea880000)
  from space 15360K, 0% used [0x00000000eb880000,0x00000000eb880000,0x00000000ec780000)
  to   space 16384K, 0% used [0x00000000ea880000,0x00000000ea880000,0x00000000eb880000)
 ParOldGen       total 88576K, used 34836K [0x00000000a0000000, 0x00000000a5680000, 0x00000000e0000000)
  object space 88576K, 39% used [0x00000000a0000000,0x00000000a22052f0,0x00000000a5680000)
 Metaspace       used 57617K, capacity 58988K, committed 59160K, reserved 1099776K
  class space    used 7769K, capacity 8115K, committed 8224K, reserved 1048576K
}
Event: 40.030 GC heap before
{Heap before GC invocations=16 (full 3):
 PSYoungGen      total 187904K, used 172544K [0x00000000e0000000, 0x00000000ecb80000, 0x0000000100000000)
  eden space 172544K, 100% used [0x00000000e0000000,0x00000000ea880000,0x00000000ea880000)
  from space 15360K, 0% used [0x00000000eb880000,0x00000000eb880000,0x00000000ec780000)
  to   space 16384K, 0% used [0x00000000ea880000,0x00000000ea880000,0x00000000eb880000)
 ParOldGen       total 88576K, used 34836K [0x00000000a0000000, 0x00000000a5680000, 0x00000000e0000000)
  object space 88576K, 39% used [0x00000000a0000000,0x00000000a22052f0,0x00000000a5680000)
 Metaspace       used 63806K, capacity 65724K, committed 65944K, reserved 1105920K
  class space    used 8571K, capacity 8997K, committed 9120K, reserved 1048576K
Event: 40.070 GC heap after
Heap after GC invocations=16 (full 3):
 PSYoungGen      total 188928K, used 15899K [0x00000000e0000000, 0x00000000eee80000, 0x0000000100000000)
  eden space 172544K, 0% used [0x00000000e0000000,0x00000000e0000000,0x00000000ea880000)
  from space 16384K, 97% used [0x00000000ea880000,0x00000000eb806d00,0x00000000eb880000)
  to   space 18432K, 0% used [0x00000000edc80000,0x00000000edc80000,0x00000000eee80000)
 ParOldGen       total 88576K, used 34844K [0x00000000a0000000, 0x00000000a5680000, 0x00000000e0000000)
  object space 88576K, 39% used [0x00000000a0000000,0x00000000a22072f0,0x00000000a5680000)
 Metaspace       used 63806K, capacity 65724K, committed 65944K, reserved 1105920K
  class space    used 8571K, capacity 8997K, committed 9120K, reserved 1048576K
}
Event: 53.483 GC heap before
{Heap before GC invocations=17 (full 3):
 PSYoungGen      total 188928K, used 188443K [0x00000000e0000000, 0x00000000eee80000, 0x0000000100000000)
  eden space 172544K, 100% used [0x00000000e0000000,0x00000000ea880000,0x00000000ea880000)
  from space 16384K, 97% used [0x00000000ea880000,0x00000000eb806d00,0x00000000eb880000)
  to   space 18432K, 0% used [0x00000000edc80000,0x00000000edc80000,0x00000000eee80000)
 ParOldGen       total 88576K, used 34844K [0x00000000a0000000, 0x00000000a5680000, 0x00000000e0000000)
  object space 88576K, 39% used [0x00000000a0000000,0x00000000a22072f0,0x00000000a5680000)
 Metaspace       used 67975K, capacity 70048K, committed 70296K, reserved 1110016K
  class space    used 9091K, capacity 9556K, committed 9632K, reserved 1048576K
Event: 53.575 GC heap after
Heap after GC invocations=17 (full 3):
 PSYoungGen      total 221184K, used 18410K [0x00000000e0000000, 0x00000000ef580000, 0x0000000100000000)
  eden space 202752K, 0% used [0x00000000e0000000,0x00000000e0000000,0x00000000ec600000)
  from space 18432K, 99% used [0x00000000edc80000,0x00000000eee7abc0,0x00000000eee80000)
  to   space 23040K, 0% used [0x00000000ec600000,0x00000000ec600000,0x00000000edc80000)
 ParOldGen       total 88576K, used 39201K [0x00000000a0000000, 0x00000000a5680000, 0x00000000e0000000)
  object space 88576K, 44% used [0x00000000a0000000,0x00000000a26486c8,0x00000000a5680000)
 Metaspace       used 67975K, capacity 70048K, committed 70296K, reserved 1110016K
  class space    used 9091K, capacity 9556K, committed 9632K, reserved 1048576K
}
Event: 136.148 GC heap before
{Heap before GC invocations=18 (full 3):
 PSYoungGen      total 221184K, used 221162K [0x00000000e0000000, 0x00000000ef580000, 0x0000000100000000)
  eden space 202752K, 100% used [0x00000000e0000000,0x00000000ec600000,0x00000000ec600000)
  from space 18432K, 99% used [0x00000000edc80000,0x00000000eee7abc0,0x00000000eee80000)
  to   space 23040K, 0% used [0x00000000ec600000,0x00000000ec600000,0x00000000edc80000)
 ParOldGen       total 88576K, used 39201K [0x00000000a0000000, 0x00000000a5680000, 0x00000000e0000000)
  object space 88576K, 44% used [0x00000000a0000000,0x00000000a26486c8,0x00000000a5680000)
 Metaspace       used 76870K, capacity 79145K, committed 79384K, reserved 1118208K
  class space    used 10197K, capacity 10686K, committed 10784K, reserved 1048576K

