# JRE version: OpenJDK Runtime Environment (8.0_152) (build 1.8.0_152-release-1343-b16-5323222)
# Java VM: OpenJDK 64-Bit Server VM (25.152-b16-5323222 mixed mode linux-amd64 compressed oops)
Heap:
 PSYoungGen      total 311296K, used 22501K [0x00000000e0000000, 0x00000000f5e00000, 0x0000000100000000)
  eden space 288768K, 0% used [0x00000000e0000000,0x00000000e0000000,0x00000000f1a00000)
  from space 22528K, 99% used [0x00000000f4800000,0x00000000f5df96d0,0x00000000f5e00000)
  to   space 23552K, 0% used [0x00000000f1a00000,0x00000000f1a00000,0x00000000f3100000)
 ParOldGen       total 130048K, used 110241K [0x00000000a0000000, 0x00000000a7f00000, 0x00000000e0000000)
  object space 130048K, 84% used [0x00000000a0000000,0x00000000a6ba8430,0x00000000a7f00000)
 Metaspace       used 95952K, capacity 99527K, committed 99864K, reserved 1136640K
  class space    used 12239K, capacity 12941K, committed 13104K, reserved 1048576K
GC Heap History (10 events):
Event: 140.707 GC heap after
Heap after GC invocations=19 (full 3):
 PSYoungGen      total 290304K, used 14838K [0x00000000e0000000, 0x00000000f3380000, 0x0000000100000000)
  eden space 266752K, 0% used [0x00000000e0000000,0x00000000e0000000,0x00000000f0480000)
  from space 23552K, 63% used [0x00000000f1c00000,0x00000000f2a7d8f8,0x00000000f3300000)
  to   space 24064K, 0% used [0x00000000f0480000,0x00000000f0480000,0x00000000f1c00000)
 ParOldGen       total 81920K, used 61928K [0x00000000a0000000, 0x00000000a5000000, 0x00000000e0000000)
  object space 81920K, 75% used [0x00000000a0000000,0x00000000a3c7a148,0x00000000a5000000)
 Metaspace       used 88219K, capacity 91417K, committed 91672K, reserved 1128448K
  class space    used 11591K, capacity 12258K, committed 12336K, reserved 1048576K
}
Event: 237.049 GC heap before
{Heap before GC invocations=20 (full 3):
 PSYoungGen      total 290304K, used 281590K [0x00000000e0000000, 0x00000000f3380000, 0x0000000100000000)
  eden space 266752K, 100% used [0x00000000e0000000,0x00000000f0480000,0x00000000f0480000)
  from space 23552K, 63% used [0x00000000f1c00000,0x00000000f2a7d8f8,0x00000000f3300000)
  to   space 24064K, 0% used [0x00000000f0480000,0x00000000f0480000,0x00000000f1c00000)
 ParOldGen       total 81920K, used 61928K [0x00000000a0000000, 0x00000000a5000000, 0x00000000e0000000)
  object space 81920K, 75% used [0x00000000a0000000,0x00000000a3c7a148,0x00000000a5000000)
 Metaspace       used 94402K, capacity 98053K, committed 98200K, reserved 1134592K
  class space    used 12194K, capacity 12900K, committed 12976K, reserved 1048576K
Event: 237.085 GC heap after
Heap after GC invocations=20 (full 3):
 PSYoungGen      total 290816K, used 12781K [0x00000000e0000000, 0x00000000f4900000, 0x0000000100000000)
  eden space 266752K, 0% used [0x00000000e0000000,0x00000000e0000000,0x00000000f0480000)
  from space 24064K, 53% used [0x00000000f0480000,0x00000000f10fb520,0x00000000f1c00000)
  to   space 23552K, 0% used [0x00000000f3200000,0x00000000f3200000,0x00000000f4900000)
 ParOldGen       total 81920K, used 61936K [0x00000000a0000000, 0x00000000a5000000, 0x00000000e0000000)
  object space 81920K, 75% used [0x00000000a0000000,0x00000000a3c7c148,0x00000000a5000000)
 Metaspace       used 94402K, capacity 98053K, committed 98200K, reserved 1134592K
  class space    used 12194K, capacity 12900K, committed 12976K, reserved 1048576K
}
Event: 248.221 GC heap before
{Heap before GC invocations=21 (full 3):
 PSYoungGen      total 290816K, used 116935K [0x00000000e0000000, 0x00000000f4900000, 0x0000000100000000)
  eden space 266752K, 39% used [0x00000000e0000000,0x00000000e65b6930,0x00000000f0480000)
  from space 24064K, 53% used [0x00000000f0480000,0x00000000f10fb520,0x00000000f1c00000)
  to   space 23552K, 0% used [0x00000000f3200000,0x00000000f3200000,0x00000000f4900000)
 ParOldGen       total 81920K, used 61936K [0x00000000a0000000, 0x00000000a5000000, 0x00000000e0000000)
  object space 81920K, 75% used [0x00000000a0000000,0x00000000a3c7c148,0x00000000a5000000)
 Metaspace       used 94820K, capacity 98543K, committed 98600K, reserved 1134592K
  class space    used 12215K, capacity 12955K, committed 12976K, reserved 1048576K
Event: 248.283 GC heap after
Heap after GC invocations=21 (full 3):
 PSYoungGen      total 311296K, used 14244K [0x00000000e0000000, 0x00000000f4800000, 0x0000000100000000)
  eden space 288768K, 0% used [0x00000000e0000000,0x00000000e0000000,0x00000000f1a00000)
  from space 22528K, 63% used [0x00000000f3200000,0x00000000f3fe9108,0x00000000f4800000)
  to   space 23552K, 0% used [0x00000000f1a00000,0x00000000f1a00000,0x00000000f3100000)
 ParOldGen       total 81920K, used 61944K [0x00000000a0000000, 0x00000000a5000000, 0x00000000e0000000)
  object space 81920K, 75% used [0x00000000a0000000,0x00000000a3c7e148,0x00000000a5000000)
 Metaspace       used 94820K, capacity 98543K, committed 98600K, reserved 1134592K
  class space    used 12215K, capacity 12955K, committed 12976K, reserved 1048576K
}
Event: 248.284 GC heap before
{Heap before GC invocations=22 (full 4):
 PSYoungGen      total 311296K, used 14244K [0x00000000e0000000, 0x00000000f4800000, 0x0000000100000000)
  eden space 288768K, 0% used [0x00000000e0000000,0x00000000e0000000,0x00000000f1a00000)
  from space 22528K, 63% used [0x00000000f3200000,0x00000000f3fe9108,0x00000000f4800000)
  to   space 23552K, 0% used [0x00000000f1a00000,0x00000000f1a00000,0x00000000f3100000)
 ParOldGen       total 81920K, used 61944K [0x00000000a0000000, 0x00000000a5000000, 0x00000000e0000000)
  object space 81920K, 75% used [0x00000000a0000000,0x00000000a3c7e148,0x00000000a5000000)
 Metaspace       used 94820K, capacity 98543K, committed 98600K, reserved 1134592K
  class space    used 12215K, capacity 12955K, committed 12976K, reserved 1048576K
Event: 248.748 GC heap after
Heap after GC invocations=22 (full 4):
 PSYoungGen      total 311296K, used 0K [0x00000000e0000000, 0x00000000f4800000, 0x0000000100000000)
  eden space 288768K, 0% used [0x00000000e0000000,0x00000000e0000000,0x00000000f1a00000)
  from space 22528K, 0% used [0x00000000f3200000,0x00000000f3200000,0x00000000f4800000)
  to   space 23552K, 0% used [0x00000000f1a00000,0x00000000f1a00000,0x00000000f3100000)
 ParOldGen       total 130048K, used 58687K [0x00000000a0000000, 0x00000000a7f00000, 0x00000000e0000000)
  object space 130048K, 45% used [0x00000000a0000000,0x00000000a394fe38,0x00000000a7f00000)
 Metaspace       used 94533K, capacity 98051K, committed 98600K, reserved 1134592K
  class space    used 12156K, capacity 12861K, committed 12976K, reserved 1048576K
}
Event: 275.187 GC heap before
{Heap before GC invocations=23 (full 4):
 PSYoungGen      total 311296K, used 288768K [0x00000000e0000000, 0x00000000f4800000, 0x0000000100000000)
  eden space 288768K, 100% used [0x00000000e0000000,0x00000000f1a00000,0x00000000f1a00000)
  from space 22528K, 0% used [0x00000000f3200000,0x00000000f3200000,0x00000000f4800000)
  to   space 23552K, 0% used [0x00000000f1a00000,0x00000000f1a00000,0x00000000f3100000)
 ParOldGen       total 130048K, used 58687K [0x00000000a0000000, 0x00000000a7f00000, 0x00000000e0000000)
  object space 130048K, 45% used [0x00000000a0000000,0x00000000a394fe38,0x00000000a7f00000)
 Metaspace       used 95716K, capacity 99391K, committed 99864K, reserved 1136640K
  class space    used 12235K, capacity 12941K, committed 13104K, reserved 1048576K
Event: 275.232 GC heap after
Heap after GC invocations=23 (full 4):
 PSYoungGen      total 312320K, used 12871K [0x00000000e0000000, 0x00000000f5e00000, 0x0000000100000000)
  eden space 288768K, 0% used [0x00000000e0000000,0x00000000e0000000,0x00000000f1a00000)
  from space 23552K, 54% used [0x00000000f1a00000,0x00000000f2691eb0,0x00000000f3100000)
  to   space 22528K, 0% used [0x00000000f4800000,0x00000000f4800000,0x00000000f5e00000)
 ParOldGen       total 130048K, used 58695K [0x00000000a0000000, 0x00000000a7f00000, 0x00000000e0000000)
  object space 130048K, 45% used [0x00000000a0000000,0x00000000a3951e38,0x00000000a7f00000)
 Metaspace       used 95716K, capacity 99391K, committed 99864K, reserved 1136640K
  class space    used 12235K, capacity 12941K, committed 13104K, reserved 1048576K
}
Event: 278.906 GC heap before
{Heap before GC invocations=24 (full 4):
 PSYoungGen      total 312320K, used 301639K [0x00000000e0000000, 0x00000000f5e00000, 0x0000000100000000)
  eden space 288768K, 100% used [0x00000000e0000000,0x00000000f1a00000,0x00000000f1a00000)
  from space 23552K, 54% used [0x00000000f1a00000,0x00000000f2691eb0,0x00000000f3100000)
  to   space 22528K, 0% used [0x00000000f4800000,0x00000000f4800000,0x00000000f5e00000)
 ParOldGen       total 130048K, used 58695K [0x00000000a0000000, 0x00000000a7f00000, 0x00000000e0000000)
  object space 130048K, 45% used [0x00000000a0000000,0x00000000a3951e38,0x00000000a7f00000)
 Metaspace       used 95952K, capacity 99527K, committed 99864K, reserved 1136640K
  class space    used 12239K, capacity 12941K, committed 13104K, reserved 1048576K

